{"/Users/sabrinalord/Desktop/githubLocal/gilded-rose/src/agedBrie_item_update.js": {"path":"/Users/sabrinalord/Desktop/githubLocal/gilded-rose/src/agedBrie_item_update.js","statementMap":{"0":{"start":{"line":1,"column":27},"end":{"line":6,"column":1}},"1":{"start":{"line":2,"column":2},"end":{"line":5,"column":3}},"2":{"start":{"line":3,"column":4},"end":{"line":3,"column":19}},"3":{"start":{"line":4,"column":4},"end":{"line":4,"column":18}},"4":{"start":{"line":8,"column":0},"end":{"line":8,"column":36}}},"fnMap":{"0":{"name":"(anonymous_0)","decl":{"start":{"line":1,"column":27},"end":{"line":1,"column":28}},"loc":{"start":{"line":1,"column":37},"end":{"line":6,"column":1}},"line":1}},"branchMap":{"0":{"loc":{"start":{"line":2,"column":2},"end":{"line":5,"column":3}},"type":"if","locations":[{"start":{"line":2,"column":2},"end":{"line":5,"column":3}},{"start":{},"end":{}}],"line":2}},"s":{"0":5,"1":2,"2":1,"3":1,"4":5},"f":{"0":2},"b":{"0":[1,1]},"_coverageSchema":"1a1c01bbd47fc00a2c39e90264f33305004495a9","hash":"75d40aefa185739d3f2297da92791d865a08f538"}
,"/Users/sabrinalord/Desktop/githubLocal/gilded-rose/src/backstagePass_item_update.js": {"path":"/Users/sabrinalord/Desktop/githubLocal/gilded-rose/src/backstagePass_item_update.js","statementMap":{"0":{"start":{"line":2,"column":32},"end":{"line":25,"column":1}},"1":{"start":{"line":4,"column":32},"end":{"line":4,"column":48}},"2":{"start":{"line":5,"column":30},"end":{"line":5,"column":66}},"3":{"start":{"line":6,"column":29},"end":{"line":6,"column":64}},"4":{"start":{"line":7,"column":27},"end":{"line":7,"column":43}},"5":{"start":{"line":10,"column":2},"end":{"line":24,"column":3}},"6":{"start":{"line":11,"column":4},"end":{"line":23,"column":5}},"7":{"start":{"line":12,"column":6},"end":{"line":12,"column":21}},"8":{"start":{"line":13,"column":6},"end":{"line":13,"column":20}},"9":{"start":{"line":15,"column":9},"end":{"line":23,"column":5}},"10":{"start":{"line":16,"column":7},"end":{"line":16,"column":38}},"11":{"start":{"line":17,"column":7},"end":{"line":19,"column":7}},"12":{"start":{"line":18,"column":8},"end":{"line":18,"column":39}},"13":{"start":{"line":21,"column":9},"end":{"line":23,"column":5}},"14":{"start":{"line":22,"column":6},"end":{"line":22,"column":22}},"15":{"start":{"line":27,"column":0},"end":{"line":27,"column":41}}},"fnMap":{"0":{"name":"(anonymous_0)","decl":{"start":{"line":2,"column":32},"end":{"line":2,"column":33}},"loc":{"start":{"line":2,"column":42},"end":{"line":25,"column":1}},"line":2}},"branchMap":{"0":{"loc":{"start":{"line":5,"column":30},"end":{"line":5,"column":66}},"type":"binary-expr","locations":[{"start":{"line":5,"column":30},"end":{"line":5,"column":47}},{"start":{"line":5,"column":51},"end":{"line":5,"column":66}}],"line":5},"1":{"loc":{"start":{"line":6,"column":29},"end":{"line":6,"column":64}},"type":"binary-expr","locations":[{"start":{"line":6,"column":29},"end":{"line":6,"column":45}},{"start":{"line":6,"column":49},"end":{"line":6,"column":64}}],"line":6},"2":{"loc":{"start":{"line":10,"column":2},"end":{"line":24,"column":3}},"type":"if","locations":[{"start":{"line":10,"column":2},"end":{"line":24,"column":3}},{"start":{},"end":{}}],"line":10},"3":{"loc":{"start":{"line":11,"column":4},"end":{"line":23,"column":5}},"type":"if","locations":[{"start":{"line":11,"column":4},"end":{"line":23,"column":5}},{"start":{"line":15,"column":9},"end":{"line":23,"column":5}}],"line":11},"4":{"loc":{"start":{"line":15,"column":9},"end":{"line":23,"column":5}},"type":"if","locations":[{"start":{"line":15,"column":9},"end":{"line":23,"column":5}},{"start":{"line":21,"column":9},"end":{"line":23,"column":5}}],"line":15},"5":{"loc":{"start":{"line":17,"column":7},"end":{"line":19,"column":7}},"type":"if","locations":[{"start":{"line":17,"column":7},"end":{"line":19,"column":7}},{"start":{},"end":{}}],"line":17},"6":{"loc":{"start":{"line":21,"column":9},"end":{"line":23,"column":5}},"type":"if","locations":[{"start":{"line":21,"column":9},"end":{"line":23,"column":5}},{"start":{},"end":{}}],"line":21}},"s":{"0":5,"1":4,"2":4,"3":4,"4":4,"5":4,"6":4,"7":1,"8":1,"9":3,"10":2,"11":2,"12":1,"13":1,"14":1,"15":5},"f":{"0":4},"b":{"0":[4,3],"1":[4,2],"2":[4,0],"3":[1,3],"4":[2,1],"5":[1,1],"6":[1,0]},"_coverageSchema":"1a1c01bbd47fc00a2c39e90264f33305004495a9","hash":"29f7131e6e9f9203919feaef914a70ece7ecfec5"}
,"/Users/sabrinalord/Desktop/githubLocal/gilded-rose/src/conjured_item_update.js": {"path":"/Users/sabrinalord/Desktop/githubLocal/gilded-rose/src/conjured_item_update.js","statementMap":{"0":{"start":{"line":1,"column":27},"end":{"line":6,"column":1}},"1":{"start":{"line":2,"column":2},"end":{"line":5,"column":3}},"2":{"start":{"line":3,"column":4},"end":{"line":3,"column":35}},"3":{"start":{"line":4,"column":4},"end":{"line":4,"column":18}},"4":{"start":{"line":8,"column":0},"end":{"line":8,"column":36}}},"fnMap":{"0":{"name":"(anonymous_0)","decl":{"start":{"line":1,"column":27},"end":{"line":1,"column":28}},"loc":{"start":{"line":1,"column":37},"end":{"line":6,"column":1}},"line":1}},"branchMap":{"0":{"loc":{"start":{"line":2,"column":2},"end":{"line":5,"column":3}},"type":"if","locations":[{"start":{"line":2,"column":2},"end":{"line":5,"column":3}},{"start":{},"end":{}}],"line":2}},"s":{"0":5,"1":2,"2":1,"3":1,"4":5},"f":{"0":2},"b":{"0":[1,1]},"_coverageSchema":"1a1c01bbd47fc00a2c39e90264f33305004495a9","hash":"e669f9e0a509cbbb5041ef6be712f917868a7fc4"}
,"/Users/sabrinalord/Desktop/githubLocal/gilded-rose/src/gilded_rose.js": {"path":"/Users/sabrinalord/Desktop/githubLocal/gilded-rose/src/gilded_rose.js","statementMap":{"0":{"start":{"line":1,"column":25},"end":{"line":1,"column":61}},"1":{"start":{"line":2,"column":27},"end":{"line":2,"column":65}},"2":{"start":{"line":3,"column":27},"end":{"line":3,"column":60}},"3":{"start":{"line":4,"column":32},"end":{"line":4,"column":70}},"4":{"start":{"line":9,"column":4},"end":{"line":9,"column":21}},"5":{"start":{"line":10,"column":4},"end":{"line":10,"column":25}},"6":{"start":{"line":11,"column":4},"end":{"line":11,"column":27}},"7":{"start":{"line":18,"column":4},"end":{"line":18,"column":23}},"8":{"start":{"line":23,"column":4},"end":{"line":47,"column":7}},"9":{"start":{"line":25,"column":25},"end":{"line":25,"column":49}},"10":{"start":{"line":26,"column":25},"end":{"line":26,"column":55}},"11":{"start":{"line":27,"column":30},"end":{"line":27,"column":61}},"12":{"start":{"line":28,"column":25},"end":{"line":28,"column":55}},"13":{"start":{"line":29,"column":25},"end":{"line":29,"column":86}},"14":{"start":{"line":31,"column":6},"end":{"line":45,"column":7}},"15":{"start":{"line":32,"column":8},"end":{"line":32,"column":30}},"16":{"start":{"line":35,"column":11},"end":{"line":45,"column":7}},"17":{"start":{"line":36,"column":8},"end":{"line":36,"column":32}},"18":{"start":{"line":39,"column":11},"end":{"line":45,"column":7}},"19":{"start":{"line":40,"column":8},"end":{"line":40,"column":32}},"20":{"start":{"line":43,"column":11},"end":{"line":45,"column":7}},"21":{"start":{"line":44,"column":8},"end":{"line":44,"column":37}},"22":{"start":{"line":49,"column":4},"end":{"line":49,"column":22}},"23":{"start":{"line":53,"column":0},"end":{"line":56,"column":1}}},"fnMap":{"0":{"name":"(anonymous_0)","decl":{"start":{"line":8,"column":2},"end":{"line":8,"column":3}},"loc":{"start":{"line":8,"column":36},"end":{"line":12,"column":3}},"line":8},"1":{"name":"(anonymous_1)","decl":{"start":{"line":17,"column":2},"end":{"line":17,"column":3}},"loc":{"start":{"line":17,"column":23},"end":{"line":19,"column":3}},"line":17},"2":{"name":"(anonymous_2)","decl":{"start":{"line":21,"column":2},"end":{"line":21,"column":3}},"loc":{"start":{"line":21,"column":18},"end":{"line":50,"column":3}},"line":21},"3":{"name":"(anonymous_3)","decl":{"start":{"line":23,"column":23},"end":{"line":23,"column":24}},"loc":{"start":{"line":23,"column":31},"end":{"line":47,"column":5}},"line":23}},"branchMap":{"0":{"loc":{"start":{"line":17,"column":14},"end":{"line":17,"column":22}},"type":"default-arg","locations":[{"start":{"line":17,"column":20},"end":{"line":17,"column":22}}],"line":17},"1":{"loc":{"start":{"line":29,"column":25},"end":{"line":29,"column":86}},"type":"binary-expr","locations":[{"start":{"line":29,"column":25},"end":{"line":29,"column":36}},{"start":{"line":29,"column":40},"end":{"line":29,"column":51}},{"start":{"line":29,"column":55},"end":{"line":29,"column":66}},{"start":{"line":29,"column":70},"end":{"line":29,"column":86}}],"line":29},"2":{"loc":{"start":{"line":31,"column":6},"end":{"line":45,"column":7}},"type":"if","locations":[{"start":{"line":31,"column":6},"end":{"line":45,"column":7}},{"start":{"line":35,"column":11},"end":{"line":45,"column":7}}],"line":31},"3":{"loc":{"start":{"line":35,"column":11},"end":{"line":45,"column":7}},"type":"if","locations":[{"start":{"line":35,"column":11},"end":{"line":45,"column":7}},{"start":{"line":39,"column":11},"end":{"line":45,"column":7}}],"line":35},"4":{"loc":{"start":{"line":39,"column":11},"end":{"line":45,"column":7}},"type":"if","locations":[{"start":{"line":39,"column":11},"end":{"line":45,"column":7}},{"start":{"line":43,"column":11},"end":{"line":45,"column":7}}],"line":39},"5":{"loc":{"start":{"line":43,"column":11},"end":{"line":45,"column":7}},"type":"if","locations":[{"start":{"line":43,"column":11},"end":{"line":45,"column":7}},{"start":{},"end":{}}],"line":43}},"s":{"0":5,"1":5,"2":5,"3":5,"4":15,"5":15,"6":15,"7":15,"8":14,"9":14,"10":14,"11":14,"12":14,"13":14,"14":14,"15":5,"16":9,"17":2,"18":7,"19":2,"20":5,"21":4,"22":14,"23":5},"f":{"0":15,"1":15,"2":14,"3":14},"b":{"0":[0],"1":[14,12,11,9],"2":[5,9],"3":[2,7],"4":[2,5],"5":[4,1]},"_coverageSchema":"1a1c01bbd47fc00a2c39e90264f33305004495a9","hash":"394c24a46d9eab1e40b173f6cd834fb556c468eb"}
,"/Users/sabrinalord/Desktop/githubLocal/gilded-rose/src/normal_item_update.js": {"path":"/Users/sabrinalord/Desktop/githubLocal/gilded-rose/src/normal_item_update.js","statementMap":{"0":{"start":{"line":1,"column":25},"end":{"line":12,"column":1}},"1":{"start":{"line":2,"column":2},"end":{"line":11,"column":3}},"2":{"start":{"line":3,"column":4},"end":{"line":10,"column":5}},"3":{"start":{"line":4,"column":6},"end":{"line":4,"column":21}},"4":{"start":{"line":5,"column":6},"end":{"line":5,"column":20}},"5":{"start":{"line":7,"column":9},"end":{"line":10,"column":5}},"6":{"start":{"line":8,"column":6},"end":{"line":8,"column":37}},"7":{"start":{"line":9,"column":6},"end":{"line":9,"column":20}},"8":{"start":{"line":14,"column":0},"end":{"line":14,"column":34}}},"fnMap":{"0":{"name":"(anonymous_0)","decl":{"start":{"line":1,"column":25},"end":{"line":1,"column":26}},"loc":{"start":{"line":1,"column":35},"end":{"line":12,"column":1}},"line":1}},"branchMap":{"0":{"loc":{"start":{"line":2,"column":2},"end":{"line":11,"column":3}},"type":"if","locations":[{"start":{"line":2,"column":2},"end":{"line":11,"column":3}},{"start":{},"end":{}}],"line":2},"1":{"loc":{"start":{"line":3,"column":4},"end":{"line":10,"column":5}},"type":"if","locations":[{"start":{"line":3,"column":4},"end":{"line":10,"column":5}},{"start":{"line":7,"column":9},"end":{"line":10,"column":5}}],"line":3},"2":{"loc":{"start":{"line":7,"column":9},"end":{"line":10,"column":5}},"type":"if","locations":[{"start":{"line":7,"column":9},"end":{"line":10,"column":5}},{"start":{},"end":{}}],"line":7}},"s":{"0":5,"1":5,"2":4,"3":2,"4":2,"5":2,"6":2,"7":2,"8":5},"f":{"0":5},"b":{"0":[4,1],"1":[2,2],"2":[2,0]},"_coverageSchema":"1a1c01bbd47fc00a2c39e90264f33305004495a9","hash":"70e8560635069c53e84cd4d72cb2459613364e44"}
}
