TN:
SF:src/aged_brie_item_update.js
FN:1,(anonymous_0)
FNF:1
FNH:1
FNDA:2,(anonymous_0)
DA:1,1
DA:2,2
DA:3,1
DA:4,1
DA:8,1
LF:5
LH:5
BRDA:2,0,0,1
BRDA:2,0,1,1
BRF:2
BRH:2
end_of_record
TN:
SF:src/backstage_pass_update.js
FN:2,(anonymous_0)
FNF:1
FNH:1
FNDA:4,(anonymous_0)
DA:2,1
DA:4,4
DA:5,4
DA:6,4
DA:7,4
DA:10,4
DA:11,4
DA:12,1
DA:13,1
DA:15,3
DA:16,2
DA:17,2
DA:18,1
DA:21,1
DA:22,1
DA:27,1
LF:16
LH:16
BRDA:5,0,0,4
BRDA:5,0,1,3
BRDA:6,1,0,4
BRDA:6,1,1,2
BRDA:10,2,0,4
BRDA:10,2,1,0
BRDA:11,3,0,1
BRDA:11,3,1,3
BRDA:15,4,0,2
BRDA:15,4,1,1
BRDA:17,5,0,1
BRDA:17,5,1,1
BRDA:21,6,0,1
BRDA:21,6,1,0
BRF:14
BRH:12
end_of_record
TN:
SF:src/conjured_item_update.js
FN:1,(anonymous_0)
FNF:1
FNH:1
FNDA:1,(anonymous_0)
DA:1,1
DA:2,1
DA:3,1
DA:4,1
DA:8,1
LF:5
LH:5
BRDA:2,0,0,1
BRDA:2,0,1,0
BRF:2
BRH:1
end_of_record
TN:
SF:src/gilded_rose.js
FN:8,(anonymous_0)
FN:17,(anonymous_1)
FN:21,(anonymous_2)
FN:23,(anonymous_3)
FNF:4
FNH:4
FNDA:11,(anonymous_0)
FNDA:11,(anonymous_1)
FNDA:10,(anonymous_2)
FNDA:10,(anonymous_3)
DA:1,1
DA:2,1
DA:3,1
DA:4,1
DA:9,11
DA:10,11
DA:11,11
DA:18,11
DA:23,10
DA:25,10
DA:26,10
DA:27,10
DA:28,10
DA:29,10
DA:31,10
DA:32,2
DA:35,8
DA:36,1
DA:39,7
DA:40,2
DA:43,5
DA:44,4
DA:49,10
DA:53,1
LF:24
LH:24
BRDA:17,0,0,0
BRDA:29,1,0,10
BRDA:29,1,1,8
BRDA:29,1,2,7
BRDA:29,1,3,6
BRDA:31,2,0,2
BRDA:31,2,1,8
BRDA:35,3,0,1
BRDA:35,3,1,7
BRDA:39,4,0,2
BRDA:39,4,1,5
BRDA:43,5,0,4
BRDA:43,5,1,1
BRF:13
BRH:12
end_of_record
TN:
SF:src/normal_item_update.js
FN:1,(anonymous_0)
FNF:1
FNH:1
FNDA:2,(anonymous_0)
DA:1,1
DA:2,2
DA:3,1
DA:4,0
DA:5,0
DA:7,1
DA:8,1
DA:9,1
DA:14,1
LF:9
LH:7
BRDA:2,0,0,1
BRDA:2,0,1,1
BRDA:3,1,0,0
BRDA:3,1,1,1
BRDA:7,2,0,1
BRDA:7,2,1,0
BRF:6
BRH:4
end_of_record
