TN:
SF:src/agedBrie_item_update.js
FN:1,(anonymous_0)
FNF:1
FNH:1
FNDA:2,(anonymous_0)
DA:1,5
DA:2,2
DA:3,1
DA:4,1
DA:8,5
LF:5
LH:5
BRDA:2,0,0,1
BRDA:2,0,1,1
BRF:2
BRH:2
end_of_record
TN:
SF:src/backstagePass_item_update.js
FN:2,(anonymous_0)
FNF:1
FNH:1
FNDA:4,(anonymous_0)
DA:2,5
DA:4,4
DA:5,4
DA:6,4
DA:7,4
DA:10,4
DA:11,4
DA:12,1
DA:13,1
DA:15,3
DA:16,2
DA:17,2
DA:18,1
DA:21,1
DA:22,1
DA:27,5
LF:16
LH:16
BRDA:5,0,0,4
BRDA:5,0,1,3
BRDA:6,1,0,4
BRDA:6,1,1,2
BRDA:10,2,0,4
BRDA:10,2,1,0
BRDA:11,3,0,1
BRDA:11,3,1,3
BRDA:15,4,0,2
BRDA:15,4,1,1
BRDA:17,5,0,1
BRDA:17,5,1,1
BRDA:21,6,0,1
BRDA:21,6,1,0
BRF:14
BRH:12
end_of_record
TN:
SF:src/conjured_item_update.js
FN:1,(anonymous_0)
FNF:1
FNH:1
FNDA:2,(anonymous_0)
DA:1,5
DA:2,2
DA:3,1
DA:4,1
DA:8,5
LF:5
LH:5
BRDA:2,0,0,1
BRDA:2,0,1,1
BRF:2
BRH:2
end_of_record
TN:
SF:src/gilded_rose.js
FN:8,(anonymous_0)
FN:17,(anonymous_1)
FN:21,(anonymous_2)
FN:23,(anonymous_3)
FNF:4
FNH:4
FNDA:15,(anonymous_0)
FNDA:15,(anonymous_1)
FNDA:14,(anonymous_2)
FNDA:14,(anonymous_3)
DA:1,5
DA:2,5
DA:3,5
DA:4,5
DA:9,15
DA:10,15
DA:11,15
DA:18,15
DA:23,14
DA:25,14
DA:26,14
DA:27,14
DA:28,14
DA:29,14
DA:31,14
DA:32,5
DA:35,9
DA:36,2
DA:39,7
DA:40,2
DA:43,5
DA:44,4
DA:49,14
DA:53,5
LF:24
LH:24
BRDA:17,0,0,0
BRDA:29,1,0,14
BRDA:29,1,1,12
BRDA:29,1,2,11
BRDA:29,1,3,9
BRDA:31,2,0,5
BRDA:31,2,1,9
BRDA:35,3,0,2
BRDA:35,3,1,7
BRDA:39,4,0,2
BRDA:39,4,1,5
BRDA:43,5,0,4
BRDA:43,5,1,1
BRF:13
BRH:12
end_of_record
TN:
SF:src/normal_item_update.js
FN:1,(anonymous_0)
FNF:1
FNH:1
FNDA:5,(anonymous_0)
DA:1,5
DA:2,5
DA:3,4
DA:4,2
DA:5,2
DA:7,2
DA:8,2
DA:9,2
DA:14,5
LF:9
LH:9
BRDA:2,0,0,4
BRDA:2,0,1,1
BRDA:3,1,0,2
BRDA:3,1,1,2
BRDA:7,2,0,2
BRDA:7,2,1,0
BRF:6
BRH:5
end_of_record
